<?xml version="1.0" encoding="UTF-8"?>
<!-- Generated by org.testng.reporters.JUnitXMLReporter -->
<testsuite ignored="0" hostname="admin-PC" failures="0" tests="9" name="Test" time="208.417" errors="0" timestamp="23 Jun 2021 16:28:57 GMT">
  <testcase classname="com.inquisitive.test.Tests.HomePageTest" name="launchHomePageTest" time="8.523"/>
  <testcase classname="com.inquisitive.test.Tests.CreateAnAccountTest" name="createAnUserAccountTest" time="18.76"/>
  <testcase classname="com.inquisitive.test.Tests.CreateAnAccountTest" name="createAnUserAccountTest" time="9.656"/>
  <testcase classname="com.inquisitive.test.Tests.CreateAnAccountTest" name="createAnUserAccountTest" time="15.194"/>
  <testcase classname="com.inquisitive.test.Tests.CreateAnAccountTest" name="createAnUserAccountTest" time="17.02"/>
  <testcase classname="com.inquisitive.test.Tests.UserDetailsTest" name="enterUserDetailsTest" time="11.976"/>
  <testcase classname="com.inquisitive.test.Tests.UserDetailsTest" name="enterUserDetailsTest" time="7.245"/>
  <testcase classname="com.inquisitive.test.Tests.UserDetailsTest" name="enterUserDetailsTest" time="7.224"/>
  <testcase classname="com.inquisitive.test.Tests.SchoolInformationTest" name="enterSchoolInfoDetailsTest" time="2.152"/>
</testsuite> <!-- Test -->
