-------------------------------------------------------------------------------
Test set: TestSuite
-------------------------------------------------------------------------------
Tests run: 9, Failures: 1, Errors: 0, Skipped: 0, Time elapsed: 163.548 s <<< FAILURE! - in TestSuite
enterSchoolInfoDetailsTest(com.inquisitive.test.Tests.SchoolInformationTest)  Time elapsed: 18.76 s  <<< FAILURE!
java.lang.AssertionError: Testcase failed!
	at com.inquisitive.test.Tests.SchoolInformationTest.enterSchoolInfoDetailsTest(SchoolInformationTest.java:44)

